# JRE version: OpenJDK Runtime Environment (8.0_242-b01) (build 1.8.0_242-release-1644-b01)
# Java VM: OpenJDK 64-Bit Server VM (25.242-b01 mixed mode windows-amd64 compressed oops)
Heap:
 PSYoungGen      total 128000K, used 85781K [0x00000000d5580000, 0x00000000e0580000, 0x0000000100000000)
  eden space 114688K, 64% used [0x00000000d5580000,0x00000000d9d5bcb8,0x00000000dc580000)
  from space 13312K, 91% used [0x00000000dc580000,0x00000000dd169888,0x00000000dd280000)
  to   space 14848K, 0% used [0x00000000df700000,0x00000000df700000,0x00000000e0580000)
 ParOldGen       total 154624K, used 18145K [0x0000000080000000, 0x0000000089700000, 0x00000000d5580000)
  object space 154624K, 11% used [0x0000000080000000,0x00000000811b8590,0x0000000089700000)
 Metaspace       used 46306K, capacity 47820K, committed 47920K, reserved 1091584K
  class space    used 6080K, capacity 6409K, committed 6448K, reserved 1048576K
GC Heap History (10 events):
Event: 13.217 GC heap before
{Heap before GC invocations=5 (full 1):
 PSYoungGen      total 72704K, used 7428K [0x00000000d5580000, 0x00000000de680000, 0x0000000100000000)
  eden space 65024K, 0% used [0x00000000d5580000,0x00000000d5580000,0x00000000d9500000)
  from space 7680K, 96% used [0x00000000ddf00000,0x00000000de641050,0x00000000de680000)
  to   space 10752K, 0% used [0x00000000dd180000,0x00000000dd180000,0x00000000ddc00000)
 ParOldGen       total 173568K, used 962K [0x0000000080000000, 0x000000008a980000, 0x00000000d5580000)
  object space 173568K, 0% used [0x0000000080000000,0x00000000800f0ad8,0x000000008a980000)
 Metaspace       used 20539K, capacity 21220K, committed 21296K, reserved 1067008K
  class space    used 2867K, capacity 3094K, committed 3120K, reserved 1048576K
Event: 13.246 GC heap after
Heap after GC invocations=5 (full 1):
 PSYoungGen      total 72704K, used 0K [0x00000000d5580000, 0x00000000de680000, 0x0000000100000000)
  eden space 65024K, 0% used [0x00000000d5580000,0x00000000d5580000,0x00000000d9500000)
  from space 7680K, 0% used [0x00000000ddf00000,0x00000000ddf00000,0x00000000de680000)
  to   space 10752K, 0% used [0x00000000dd180000,0x00000000dd180000,0x00000000ddc00000)
 ParOldGen       total 87552K, used 7249K [0x0000000080000000, 0x0000000085580000, 0x00000000d5580000)
  object space 87552K, 8% used [0x0000000080000000,0x0000000080714620,0x0000000085580000)
 Metaspace       used 20539K, capacity 21220K, committed 21296K, reserved 1067008K
  class space    used 2867K, capacity 3094K, committed 3120K, reserved 1048576K
}
Event: 13.948 GC heap before
{Heap before GC invocations=6 (full 1):
 PSYoungGen      total 72704K, used 65024K [0x00000000d5580000, 0x00000000de680000, 0x0000000100000000)
  eden space 65024K, 100% used [0x00000000d5580000,0x00000000d9500000,0x00000000d9500000)
  from space 7680K, 0% used [0x00000000ddf00000,0x00000000ddf00000,0x00000000de680000)
  to   space 10752K, 0% used [0x00000000dd180000,0x00000000dd180000,0x00000000ddc00000)
 ParOldGen       total 87552K, used 7249K [0x0000000080000000, 0x0000000085580000, 0x00000000d5580000)
  object space 87552K, 8% used [0x0000000080000000,0x0000000080714620,0x0000000085580000)
 Metaspace       used 27840K, capacity 28588K, committed 28976K, reserved 1075200K
  class space    used 3831K, capacity 4073K, committed 4144K, reserved 1048576K
Event: 13.955 GC heap after
Heap after GC invocations=6 (full 1):
 PSYoungGen      total 124416K, used 7654K [0x00000000d5580000, 0x00000000ddf80000, 0x0000000100000000)
  eden space 116736K, 0% used [0x00000000d5580000,0x00000000d5580000,0x00000000dc780000)
  from space 7680K, 99% used [0x00000000dd180000,0x00000000dd8f9a08,0x00000000dd900000)
  to   space 6656K, 0% used [0x00000000dd900000,0x00000000dd900000,0x00000000ddf80000)
 ParOldGen       total 87552K, used 7257K [0x0000000080000000, 0x0000000085580000, 0x00000000d5580000)
  object space 87552K, 8% used [0x0000000080000000,0x0000000080716620,0x0000000085580000)
 Metaspace       used 27840K, capacity 28588K, committed 28976K, reserved 1075200K
  class space    used 3831K, capacity 4073K, committed 4144K, reserved 1048576K
}
Event: 18.912 GC heap before
{Heap before GC invocations=7 (full 1):
 PSYoungGen      total 124416K, used 104094K [0x00000000d5580000, 0x00000000ddf80000, 0x0000000100000000)
  eden space 116736K, 82% used [0x00000000d5580000,0x00000000db3addf8,0x00000000dc780000)
  from space 7680K, 99% used [0x00000000dd180000,0x00000000dd8f9a08,0x00000000dd900000)
  to   space 6656K, 0% used [0x00000000dd900000,0x00000000dd900000,0x00000000ddf80000)
 ParOldGen       total 87552K, used 7257K [0x0000000080000000, 0x0000000085580000, 0x00000000d5580000)
  object space 87552K, 8% used [0x0000000080000000,0x0000000080716620,0x0000000085580000)
 Metaspace       used 34406K, capacity 35418K, committed 35496K, reserved 1079296K
  class space    used 4605K, capacity 4870K, committed 4912K, reserved 1048576K
Event: 18.931 GC heap after
Heap after GC invocations=7 (full 1):
 PSYoungGen      total 120320K, used 6628K [0x00000000d5580000, 0x00000000ddf80000, 0x0000000100000000)
  eden space 113664K, 0% used [0x00000000d5580000,0x00000000d5580000,0x00000000dc480000)
  from space 6656K, 99% used [0x00000000dd900000,0x00000000ddf790a0,0x00000000ddf80000)
  to   space 13312K, 0% used [0x00000000dc580000,0x00000000dc580000,0x00000000dd280000)
 ParOldGen       total 87552K, used 12344K [0x0000000080000000, 0x0000000085580000, 0x00000000d5580000)
  object space 87552K, 14% used [0x0000000080000000,0x0000000080c0e218,0x0000000085580000)
 Metaspace       used 34406K, capacity 35418K, committed 35496K, reserved 1079296K
  class space    used 4605K, capacity 4870K, committed 4912K, reserved 1048576K
}
Event: 18.931 GC heap before
{Heap before GC invocations=8 (full 2):
 PSYoungGen      total 120320K, used 6628K [0x00000000d5580000, 0x00000000ddf80000, 0x0000000100000000)
  eden space 113664K, 0% used [0x00000000d5580000,0x00000000d5580000,0x00000000dc480000)
  from space 6656K, 99% used [0x00000000dd900000,0x00000000ddf790a0,0x00000000ddf80000)
  to   space 13312K, 0% used [0x00000000dc580000,0x00000000dc580000,0x00000000dd280000)
 ParOldGen       total 87552K, used 12344K [0x0000000080000000, 0x0000000085580000, 0x00000000d5580000)
  object space 87552K, 14% used [0x0000000080000000,0x0000000080c0e218,0x0000000085580000)
 Metaspace       used 34406K, capacity 35418K, committed 35496K, reserved 1079296K
  class space    used 4605K, capacity 4870K, committed 4912K, reserved 1048576K
Event: 19.087 GC heap after
Heap after GC invocations=8 (full 2):
 PSYoungGen      total 120320K, used 0K [0x00000000d5580000, 0x00000000ddf80000, 0x0000000100000000)
  eden space 113664K, 0% used [0x00000000d5580000,0x00000000d5580000,0x00000000dc480000)
  from space 6656K, 0% used [0x00000000dd900000,0x00000000dd900000,0x00000000ddf80000)
  to   space 13312K, 0% used [0x00000000dc580000,0x00000000dc580000,0x00000000dd280000)
 ParOldGen       total 154624K, used 18137K [0x0000000080000000, 0x0000000089700000, 0x00000000d5580000)
  object space 154624K, 11% used [0x0000000080000000,0x00000000811b6590,0x0000000089700000)
 Metaspace       used 34406K, capacity 35418K, committed 35496K, reserved 1079296K
  class space    used 4605K, capacity 4870K, committed 4912K, reserved 1048576K
}
Event: 21.042 GC heap before
{Heap before GC invocations=9 (full 2):
 PSYoungGen      total 120320K, used 113664K [0x00000000d5580000, 0x00000000ddf80000, 0x0000000100000000)
  eden space 113664K, 100% used [0x00000000d5580000,0x00000000dc480000,0x00000000dc480000)
  from space 6656K, 0% used [0x00000000dd900000,0x00000000dd900000,0x00000000ddf80000)
  to   space 13312K, 0% used [0x00000000dc580000,0x00000000dc580000,0x00000000dd280000)
 ParOldGen       total 154624K, used 18137K [0x0000000080000000, 0x0000000089700000, 0x00000000d5580000)
  object space 154624K, 11% used [0x0000000080000000,0x00000000811b6590,0x0000000089700000)
 Metaspace       used 41451K, capacity 42770K, committed 42928K, reserved 1085440K
  class space    used 5571K, capacity 5942K, committed 6064K, reserved 1048576K
Event: 21.055 GC heap after
Heap after GC invocations=9 (full 2):
 PSYoungGen      total 128000K, used 12198K [0x00000000d5580000, 0x00000000e0580000, 0x0000000100000000)
  eden space 114688K, 0% used [0x00000000d5580000,0x00000000d5580000,0x00000000dc580000)
  from space 13312K, 91% used [0x00000000dc580000,0x00000000dd169888,0x00000000dd280000)
  to   space 14848K, 0% used [0x00000000df700000,0x00000000df700000,0x00000000e0580000)
 ParOldGen       total 154624K, used 18145K [0x0000000080000000, 0x0000000089700000, 0x00000000d5580000)
  object space 154624K, 11% used [0x0000000080000000,0x00000000811b8590,0x0000000089700000)
 Metaspace       used 41451K, capacity 42770K, committed 42928K, reserved 1085440K
  class space    used 5571K, capacity 5942K, committed 6064K, reserved 1048576K
}

